c:\users\piotr\source\repos\my_cpp_projects\colorbackgroundremover(c++,asm)\colorbackgroundremover\asmcolorremoverlib\x64\release\vc143.pdb
c:\users\piotr\source\repos\my_cpp_projects\colorbackgroundremover(c++,asm)\colorbackgroundremover\x64\release\asmcolorremoverlib.lib
c:\users\piotr\source\repos\my_cpp_projects\colorbackgroundremover(c++,asm)\colorbackgroundremover\x64\release\asmcolorremoverlib.exp
c:\users\piotr\source\repos\my_cpp_projects\colorbackgroundremover(c++,asm)\colorbackgroundremover\x64\release\asmcolorremoverlib.dll
c:\users\piotr\source\repos\my_cpp_projects\colorbackgroundremover(c++,asm)\colorbackgroundremover\x64\release\asmcolorremoverlib.pdb
c:\users\piotr\source\repos\my_cpp_projects\colorbackgroundremover(cpp_asm)\asmcolorremoverlib\x64\release\asmcolorremover.obj
c:\users\piotr\source\repos\my_cpp_projects\colorbackgroundremover(cpp_asm)\asmcolorremoverlib\x64\release\asmcolorremoverlib.obj
c:\users\piotr\source\repos\my_cpp_projects\colorbackgroundremover(cpp_asm)\asmcolorremoverlib\x64\release\dllmain.obj
c:\users\piotr\source\repos\my_cpp_projects\colorbackgroundremover(cpp_asm)\asmcolorremoverlib\x64\release\pch.obj
c:\users\piotr\source\repos\my_cpp_projects\colorbackgroundremover(cpp_asm)\asmcolorremoverlib\x64\release\asmcolorremoverlib.ipdb
c:\users\piotr\source\repos\my_cpp_projects\colorbackgroundremover(cpp_asm)\asmcolorremoverlib\x64\release\asmcolorremoverlib.iobj
c:\users\piotr\source\repos\my_cpp_projects\colorbackgroundremover(cpp_asm)\asmcolorremoverlib\x64\release\asmcolorremoverlib.pch
c:\users\piotr\source\repos\my_cpp_projects\colorbackgroundremover(cpp_asm)\asmcolorremoverlib\x64\release\vc143.pdb
c:\users\piotr\source\repos\my_cpp_projects\colorbackgroundremover(cpp_asm)\asmcolorremoverlib\x64\release\asmcolor.97c76258.tlog\cl.command.1.tlog
c:\users\piotr\source\repos\my_cpp_projects\colorbackgroundremover(cpp_asm)\asmcolorremoverlib\x64\release\asmcolor.97c76258.tlog\cl.write.1.tlog
c:\users\piotr\source\repos\my_cpp_projects\colorbackgroundremover(cpp_asm)\asmcolorremoverlib\x64\release\asmcolor.97c76258.tlog\link.command.1.tlog
c:\users\piotr\source\repos\my_cpp_projects\colorbackgroundremover(cpp_asm)\asmcolorremoverlib\x64\release\asmcolor.97c76258.tlog\link.read.1.tlog
c:\users\piotr\source\repos\my_cpp_projects\colorbackgroundremover(cpp_asm)\asmcolorremoverlib\x64\release\asmcolor.97c76258.tlog\link.write.1.tlog
c:\users\piotr\source\repos\my_cpp_projects\colorbackgroundremover(cpp_asm)\asmcolorremoverlib\x64\release\asmcolor.97c76258.tlog\link.write.2u.tlog
c:\users\piotr\source\repos\my_cpp_projects\colorbackgroundremover(cpp_asm)\asmcolorremoverlib\x64\release\asmcolor.97c76258.tlog\masm.read.1u.tlog
c:\users\piotr\source\repos\my_cpp_projects\colorbackgroundremover(cpp_asm)\asmcolorremoverlib\x64\release\asmcolor.97c76258.tlog\masm.write.1u.tlog
