c:\users\piotr\source\repos\f03fc1e6-gr21-repo\projekt\space_invaders_game\x64\debug\space_invaders_game.exe
c:\users\piotr\source\repos\f03fc1e6-gr21-repo\projekt\space_invaders_game\space_invaders_game\x64\debug\space_invaders_game.ilk
c:\users\piotr\source\repos\f03fc1e6-gr21-repo\projekt\space_invaders_game\x64\debug\space_invaders_game.pdb
c:\users\piotr\source\repos\f03fc1e6-gr21-repo\projekt\space_invaders_game\space_invaders_game\x64\debug\iostream_obtpu82ojtq3ue14.ifc
c:\users\piotr\source\repos\f03fc1e6-gr21-repo\projekt\space_invaders_game\space_invaders_game\x64\debug\iostream_obtpu82ojtq3ue14.ifc.d.json
c:\users\piotr\source\repos\f03fc1e6-gr21-repo\projekt\space_invaders_game\space_invaders_game\x64\debug\iostream_obtpu82ojtq3ue14.obj
c:\users\piotr\source\repos\f03fc1e6-gr21-repo\projekt\space_invaders_game\space_invaders_game\x64\debug\map_a9dbph1x0o1ow110.ifc
c:\users\piotr\source\repos\f03fc1e6-gr21-repo\projekt\space_invaders_game\space_invaders_game\x64\debug\map_a9dbph1x0o1ow110.ifc.d.json
c:\users\piotr\source\repos\f03fc1e6-gr21-repo\projekt\space_invaders_game\space_invaders_game\x64\debug\map_a9dbph1x0o1ow110.obj
c:\users\piotr\source\repos\f03fc1e6-gr21-repo\projekt\space_invaders_game\space_invaders_game\x64\debug\bullet.cpp.ifc.d.json
c:\users\piotr\source\repos\f03fc1e6-gr21-repo\projekt\space_invaders_game\space_invaders_game\x64\debug\bullet.cpp.obj
c:\users\piotr\source\repos\f03fc1e6-gr21-repo\projekt\space_invaders_game\space_invaders_game\x64\debug\bullet.ixx.ifc
c:\users\piotr\source\repos\f03fc1e6-gr21-repo\projekt\space_invaders_game\space_invaders_game\x64\debug\bullet.ixx.ifc.d.json
c:\users\piotr\source\repos\f03fc1e6-gr21-repo\projekt\space_invaders_game\space_invaders_game\x64\debug\bullet.ixx.obj
c:\users\piotr\source\repos\f03fc1e6-gr21-repo\projekt\space_invaders_game\space_invaders_game\x64\debug\iostream_obtpu82ojtq3ue14.module.json
c:\users\piotr\source\repos\f03fc1e6-gr21-repo\projekt\space_invaders_game\space_invaders_game\x64\debug\space_invaders_game.cpp.module.json
c:\users\piotr\source\repos\f03fc1e6-gr21-repo\projekt\space_invaders_game\space_invaders_game\x64\debug\map_a9dbph1x0o1ow110.module.json
c:\users\piotr\source\repos\f03fc1e6-gr21-repo\projekt\space_invaders_game\space_invaders_game\x64\debug\bullet.cpp.module.json
c:\users\piotr\source\repos\f03fc1e6-gr21-repo\projekt\space_invaders_game\space_invaders_game\x64\debug\bullet.ixx.module.json
c:\users\piotr\source\repos\f03fc1e6-gr21-repo\projekt\space_invaders_game\space_invaders_game\x64\debug\enemy.cpp.obj
c:\users\piotr\source\repos\f03fc1e6-gr21-repo\projekt\space_invaders_game\space_invaders_game\x64\debug\enemy.ixx.obj
c:\users\piotr\source\repos\f03fc1e6-gr21-repo\projekt\space_invaders_game\space_invaders_game\x64\debug\enemy.obj
c:\users\piotr\source\repos\f03fc1e6-gr21-repo\projekt\space_invaders_game\space_invaders_game\x64\debug\game.cpp.obj
c:\users\piotr\source\repos\f03fc1e6-gr21-repo\projekt\space_invaders_game\space_invaders_game\x64\debug\game.ixx.obj
c:\users\piotr\source\repos\f03fc1e6-gr21-repo\projekt\space_invaders_game\space_invaders_game\x64\debug\game.obj
c:\users\piotr\source\repos\f03fc1e6-gr21-repo\projekt\space_invaders_game\space_invaders_game\x64\debug\player.cpp.obj
c:\users\piotr\source\repos\f03fc1e6-gr21-repo\projekt\space_invaders_game\space_invaders_game\x64\debug\player.ixx.obj
c:\users\piotr\source\repos\f03fc1e6-gr21-repo\projekt\space_invaders_game\space_invaders_game\x64\debug\space_invaders_game.cpp.obj
c:\users\piotr\source\repos\f03fc1e6-gr21-repo\projekt\space_invaders_game\space_invaders_game\x64\debug\space_invaders_game.obj
c:\users\piotr\source\repos\f03fc1e6-gr21-repo\projekt\space_invaders_game\space_invaders_game\x64\debug\vc143.idb
c:\users\piotr\source\repos\f03fc1e6-gr21-repo\projekt\space_invaders_game\space_invaders_game\x64\debug\vc143.pdb
c:\users\piotr\source\repos\f03fc1e6-gr21-repo\projekt\space_invaders_game\space_invaders_game\x64\debug\space_in.e6300380.tlog\cl.command.1.tlog
c:\users\piotr\source\repos\f03fc1e6-gr21-repo\projekt\space_invaders_game\space_invaders_game\x64\debug\space_in.e6300380.tlog\link.command.1.tlog
c:\users\piotr\source\repos\f03fc1e6-gr21-repo\projekt\space_invaders_game\space_invaders_game\x64\debug\space_in.e6300380.tlog\link.read.1.tlog
c:\users\piotr\source\repos\f03fc1e6-gr21-repo\projekt\space_invaders_game\space_invaders_game\x64\debug\space_in.e6300380.tlog\link.write.1.tlog
c:\users\piotr\source\repos\f03fc1e6-gr21-repo\projekt\space_invaders_game\space_invaders_game\x64\debug\space_in.e6300380.tlog\microsoft.build.cpptasks.cl.read.1.tlog
c:\users\piotr\source\repos\f03fc1e6-gr21-repo\projekt\space_invaders_game\space_invaders_game\x64\debug\space_in.e6300380.tlog\microsoft.build.cpptasks.cl.write.1.tlog
c:\users\piotr\source\repos\f03fc1e6-gr21-repo\projekt\space_invaders_game\space_invaders_game\x64\debug\space_in.e6300380_md.tlog\cl.command.1.tlog
c:\users\piotr\source\repos\f03fc1e6-gr21-repo\projekt\space_invaders_game\space_invaders_game\x64\debug\space_in.e6300380_md.tlog\microsoft.build.cpptasks.cl.read.1.tlog
c:\users\piotr\source\repos\f03fc1e6-gr21-repo\projekt\space_invaders_game\space_invaders_game\x64\debug\space_in.e6300380_md.tlog\microsoft.build.cpptasks.cl.write.1.tlog
