c:\users\piotr\source\repos\my_cpp_projects\colorbackgroundremover(cpp_asm)\cppcolorremoverlib\x64\debug\cppcolorremoverlib.pch
c:\users\piotr\source\repos\my_cpp_projects\colorbackgroundremover(cpp_asm)\cppcolorremoverlib\x64\debug\vc143.pdb
c:\users\piotr\source\repos\my_cpp_projects\colorbackgroundremover(cpp_asm)\cppcolorremoverlib\x64\debug\pch.obj
c:\users\piotr\source\repos\my_cpp_projects\colorbackgroundremover(cpp_asm)\cppcolorremoverlib\x64\debug\dllmain.obj
c:\users\piotr\source\repos\my_cpp_projects\colorbackgroundremover(cpp_asm)\cppcolorremoverlib\x64\debug\cppcolorremoverlib.obj
c:\users\piotr\source\repos\my_cpp_projects\colorbackgroundremover(cpp_asm)\cppcolorremoverlib\x64\debug\.netframework,version=v4.7.2.assemblyattributes.obj
c:\users\piotr\source\repos\my_cpp_projects\colorbackgroundremover(cpp_asm)\x64\debug\cppcolorremoverlib.dll
c:\users\piotr\source\repos\my_cpp_projects\colorbackgroundremover(cpp_asm)\x64\debug\cppcolorremoverlib.pdb
c:\users\piotr\source\repos\my_cpp_projects\colorbackgroundremover(cpp_asm)\x64\debug\cppcolorremoverlib.lib
c:\users\piotr\source\repos\my_cpp_projects\colorbackgroundremover(cpp_asm)\x64\debug\cppcolorremoverlib.exp
c:\users\piotr\source\repos\my_cpp_projects\colorbackgroundremover(cpp_asm)\cppcolorremoverlib\x64\debug\cppcolor.cfbde5a3.tlog\cl.command.1.tlog
c:\users\piotr\source\repos\my_cpp_projects\colorbackgroundremover(cpp_asm)\cppcolorremoverlib\x64\debug\cppcolor.cfbde5a3.tlog\cl.items.tlog
c:\users\piotr\source\repos\my_cpp_projects\colorbackgroundremover(cpp_asm)\cppcolorremoverlib\x64\debug\cppcolor.cfbde5a3.tlog\cl.read.1.tlog
c:\users\piotr\source\repos\my_cpp_projects\colorbackgroundremover(cpp_asm)\cppcolorremoverlib\x64\debug\cppcolor.cfbde5a3.tlog\cl.write.1.tlog
c:\users\piotr\source\repos\my_cpp_projects\colorbackgroundremover(cpp_asm)\cppcolorremoverlib\x64\debug\cppcolor.cfbde5a3.tlog\link.command.1.tlog
c:\users\piotr\source\repos\my_cpp_projects\colorbackgroundremover(cpp_asm)\cppcolorremoverlib\x64\debug\cppcolor.cfbde5a3.tlog\link.read.1.tlog
c:\users\piotr\source\repos\my_cpp_projects\colorbackgroundremover(cpp_asm)\cppcolorremoverlib\x64\debug\cppcolor.cfbde5a3.tlog\link.write.1.tlog
c:\users\piotr\source\repos\my_cpp_projects\colorbackgroundremover(cpp_asm)\cppcolorremoverlib\x64\debug\cppcolor.cfbde5a3.tlog\link.write.2u.tlog
c:\users\piotr\source\repos\my_cpp_projects\colorbackgroundremover(cpp_asm)\cppcolorremoverlib\x64\debug\cppcolor.cfbde5a3.tlog\metagen.read.1.tlog
c:\users\piotr\source\repos\my_cpp_projects\colorbackgroundremover(cpp_asm)\cppcolorremoverlib\x64\debug\cppcolor.cfbde5a3.tlog\metagen.write.1.tlog
